<?xml version="1.0" encoding="UTF-8"?>
<robot generator="Robot 7.3.2 (Python 3.12.5 on darwin)" generated="2025-11-17T23:32:06.074971" rpa="false" schemaversion="5">
<suite id="s1" name="Tests" source="/Users/saraabdullahi/Desktop/webcounter/ohjelmistotuotanto-hy tehtavat main viikko3-webcounter/src/tests">
<suite id="s1-s1" name="Increment" source="/Users/saraabdullahi/Desktop/webcounter/ohjelmistotuotanto-hy tehtavat main viikko3-webcounter/src/tests/increment.robot">
<kw name="Open And Configure Browser" owner="resource" type="SETUP">
<kw name="Set Selenium Speed" owner="SeleniumLibrary">
<arg>${DELAY}</arg>
<doc>Sets the delay that is waited after each Selenium command.</doc>
<status status="PASS" start="2025-11-17T23:32:06.263833" elapsed="0.000809"/>
</kw>
<kw name="Open Browser" owner="SeleniumLibrary">
<msg time="2025-11-17T23:32:06.265868" level="INFO">Opening browser 'chrome' to base url 'None'.</msg>
<arg>browser=${BROWSER}</arg>
<doc>Opens a new browser instance to the optional ``url``.</doc>
<status status="PASS" start="2025-11-17T23:32:06.265137" elapsed="1.656987"/>
</kw>
<status status="PASS" start="2025-11-17T23:32:06.262785" elapsed="1.659891"/>
</kw>
<test id="s1-s1-t1" name="At start the counter is zero" line="7">
<kw name="Go To" owner="SeleniumLibrary">
<msg time="2025-11-17T23:32:07.924601" level="INFO">Opening url 'http://localhost:5001'</msg>
<arg>${HOME_URL}</arg>
<doc>Navigates the current browser window to the provided ``url``.</doc>
<status status="PASS" start="2025-11-17T23:32:07.924169" elapsed="6.742982"/>
</kw>
<kw name="Title Should Be" owner="SeleniumLibrary">
<msg time="2025-11-17T23:32:15.217268" level="INFO">Page title is 'Laskuri'.</msg>
<arg>Laskuri</arg>
<doc>Verifies that the current page title equals ``title``.</doc>
<status status="PASS" start="2025-11-17T23:32:14.668413" elapsed="0.549246"/>
</kw>
<kw name="Page Should Contain" owner="SeleniumLibrary">
<msg time="2025-11-17T23:32:16.316254" level="INFO">Current page contains text 'nappia painettu 0 kertaa'.</msg>
<arg>nappia painettu 0 kertaa</arg>
<doc>Verifies that current page contains ``text``.</doc>
<status status="PASS" start="2025-11-17T23:32:15.218644" elapsed="1.098002"/>
</kw>
<status status="PASS" start="2025-11-17T23:32:07.922991" elapsed="8.394738"/>
</test>
<test id="s1-s1-t2" name="When button pressed twice the counter is two" line="12">
<kw name="Go To" owner="SeleniumLibrary">
<msg time="2025-11-17T23:32:16.321598" level="INFO">Opening url 'http://localhost:5001'</msg>
<arg>${HOME_URL}</arg>
<doc>Navigates the current browser window to the provided ``url``.</doc>
<status status="PASS" start="2025-11-17T23:32:16.321130" elapsed="0.528589"/>
</kw>
<kw name="Click Button" owner="SeleniumLibrary">
<msg time="2025-11-17T23:32:16.852232" level="INFO">Clicking button 'Paina'.</msg>
<arg>Paina</arg>
<doc>Clicks the button identified by ``locator``.</doc>
<status status="PASS" start="2025-11-17T23:32:16.850602" elapsed="2.517754"/>
</kw>
<kw name="Click Button" owner="SeleniumLibrary">
<msg time="2025-11-17T23:32:19.370709" level="INFO">Clicking button 'Paina'.</msg>
<arg>Paina</arg>
<doc>Clicks the button identified by ``locator``.</doc>
<status status="PASS" start="2025-11-17T23:32:19.369783" elapsed="2.460735"/>
</kw>
<kw name="Page Should Contain" owner="SeleniumLibrary">
<msg time="2025-11-17T23:32:22.962254" level="INFO">Current page contains text 'nappia painettu 2 kertaa'.</msg>
<arg>nappia painettu 2 kertaa</arg>
<doc>Verifies that current page contains ``text``.</doc>
<status status="PASS" start="2025-11-17T23:32:21.831839" elapsed="1.131162"/>
</kw>
<status status="PASS" start="2025-11-17T23:32:16.319664" elapsed="6.644510"/>
</test>
<kw name="Close Browser" owner="SeleniumLibrary" type="TEARDOWN">
<doc>Closes the current browser.</doc>
<status status="PASS" start="2025-11-17T23:32:22.966590" elapsed="0.662658"/>
</kw>
<status status="PASS" start="2025-11-17T23:32:06.106191" elapsed="17.523237"/>
</suite>
<suite id="s1-s2" name="Reset" source="/Users/saraabdullahi/Desktop/webcounter/ohjelmistotuotanto-hy tehtavat main viikko3-webcounter/src/tests/reset.robot">
<kw name="Open And Configure Browser" owner="resource" type="SETUP">
<kw name="Set Selenium Speed" owner="SeleniumLibrary">
<arg>${DELAY}</arg>
<doc>Sets the delay that is waited after each Selenium command.</doc>
<status status="PASS" start="2025-11-17T23:32:23.635277" elapsed="0.000438"/>
</kw>
<kw name="Open Browser" owner="SeleniumLibrary">
<msg time="2025-11-17T23:32:23.636322" level="INFO">Opening browser 'chrome' to base url 'None'.</msg>
<arg>browser=${BROWSER}</arg>
<doc>Opens a new browser instance to the optional ``url``.</doc>
<status status="PASS" start="2025-11-17T23:32:23.635976" elapsed="1.887068"/>
</kw>
<status status="PASS" start="2025-11-17T23:32:23.634930" elapsed="1.888848"/>
</kw>
<test id="s1-s2-t1" name="When counter has a nonzero value and it is reset the value becomes zero" line="7">
<kw name="Go To" owner="SeleniumLibrary">
<msg time="2025-11-17T23:32:25.525945" level="INFO">Opening url 'http://localhost:5001'</msg>
<arg>${HOME_URL}</arg>
<doc>Navigates the current browser window to the provided ``url``.</doc>
<status status="PASS" start="2025-11-17T23:32:25.525432" elapsed="6.547094"/>
</kw>
<kw name="Click Button" owner="SeleniumLibrary">
<msg time="2025-11-17T23:32:32.075404" level="INFO">Clicking button 'Paina'.</msg>
<arg>Paina</arg>
<doc>Clicks the button identified by ``locator``.</doc>
<status status="PASS" start="2025-11-17T23:32:32.073725" elapsed="2.505586"/>
</kw>
<kw name="Click Button" owner="SeleniumLibrary">
<msg time="2025-11-17T23:32:34.581128" level="INFO">Clicking button 'Paina'.</msg>
<arg>Paina</arg>
<doc>Clicks the button identified by ``locator``.</doc>
<status status="PASS" start="2025-11-17T23:32:34.580313" elapsed="2.490276"/>
</kw>
<kw name="Click Button" owner="SeleniumLibrary">
<msg time="2025-11-17T23:32:37.072976" level="INFO">Clicking button 'Nollaa'.</msg>
<arg>Nollaa</arg>
<doc>Clicks the button identified by ``locator``.</doc>
<status status="PASS" start="2025-11-17T23:32:37.071984" elapsed="2.594260"/>
</kw>
<kw name="Page Should Contain" owner="SeleniumLibrary">
<msg time="2025-11-17T23:32:40.817109" level="INFO">Current page contains text 'nappia painettu 0 kertaa'.</msg>
<arg>nappia painettu 0 kertaa</arg>
<doc>Verifies that current page contains ``text``.</doc>
<status status="PASS" start="2025-11-17T23:32:39.667473" elapsed="1.149879"/>
</kw>
<status status="PASS" start="2025-11-17T23:32:25.524120" elapsed="15.293597"/>
</test>
<kw name="Close Browser" owner="SeleniumLibrary" type="TEARDOWN">
<doc>Closes the current browser.</doc>
<status status="PASS" start="2025-11-17T23:32:40.819736" elapsed="0.673337"/>
</kw>
<status status="PASS" start="2025-11-17T23:32:23.630591" elapsed="17.862614"/>
</suite>
<status status="PASS" start="2025-11-17T23:32:06.077236" elapsed="35.417326"/>
</suite>
<statistics>
<total>
<stat pass="3" fail="0" skip="0">All Tests</stat>
</total>
<tag>
</tag>
<suite>
<stat name="Tests" id="s1" pass="3" fail="0" skip="0">Tests</stat>
<stat name="Increment" id="s1-s1" pass="2" fail="0" skip="0">Tests.Increment</stat>
<stat name="Reset" id="s1-s2" pass="1" fail="0" skip="0">Tests.Reset</stat>
</suite>
</statistics>
<errors>
</errors>
</robot>
